Traceback (most recent call last):
  File "H:\HadiSadoghiYazdi\CircuitNew\Lib\site-packages\jupyter_cache\executors\utils.py", line 58, in single_nb_execution
    executenb(
    ~~~~~~~~~^
        nb,
        ^^^
    ...<4 lines>...
        **kwargs,
        ^^^^^^^^^
    )
    ^
  File "H:\HadiSadoghiYazdi\CircuitNew\Lib\site-packages\nbclient\client.py", line 1319, in execute
    return NotebookClient(nb=nb, resources=resources, km=km, **kwargs).execute()
           ~~~~~~~~~~~~~~~~~~~~~~~~~~~~~~~~~~~~~~~~~~~~~~~~~~~~~~~~~~~~~~~~~~~^^
  File "H:\HadiSadoghiYazdi\CircuitNew\Lib\site-packages\jupyter_core\utils\__init__.py", line 165, in wrapped
    return loop.run_until_complete(inner)
           ~~~~~~~~~~~~~~~~~~~~~~~^^^^^^^
  File "C:\Users\Hadi\AppData\Local\Programs\Python\Python313\Lib\asyncio\base_events.py", line 719, in run_until_complete
    return future.result()
           ~~~~~~~~~~~~~^^
  File "H:\HadiSadoghiYazdi\CircuitNew\Lib\site-packages\nbclient\client.py", line 709, in async_execute
    await self.async_execute_cell(
        cell, index, execution_count=self.code_cells_executed + 1
    )
  File "H:\HadiSadoghiYazdi\CircuitNew\Lib\site-packages\nbclient\client.py", line 1062, in async_execute_cell
    await self._check_raise_for_error(cell, cell_index, exec_reply)
  File "H:\HadiSadoghiYazdi\CircuitNew\Lib\site-packages\nbclient\client.py", line 918, in _check_raise_for_error
    raise CellExecutionError.from_cell_and_msg(cell, exec_reply_content)
nbclient.exceptions.CellExecutionError: An error occurred while executing the following cell:
------------------
import matplotlib.pyplot as plt
from PySpice.Spice.Library import SpiceLibrary
from PySpice.Spice.Netlist import Circuit
from PySpice.Unit import *

# Load the spice library with the correct path to your .lib file
spice_library = SpiceLibrary('D:\\Uni\\Circuit\\models') 

# Create a circuit
circuit = Circuit('Varactor Diode Example')

# Include the varactor diode model
circuit.include(spice_library['BBY40'])

# Define the circuit components
circuit.V(1, 'N1', circuit.gnd, 0 @ u_V)  # Voltage source connected from N1 to ground
circuit.R(1, 'N1', 'N2', 1 @ u_kΩ)  # Resistor between N1 and N2
circuit.D(1, 'N2', circuit.gnd, model='BBY40')  # Diode model 'BBY40'

# DC sweep analysis 
simulator = circuit.simulator(temperature=25, nominal_temperature=25)
analysis = simulator.dc(V1=slice(0, 30, 0.1))  # Sweep V1 (the voltage source) from 0V to 30V

# Constants for the varactor diode model (from the SPICE model)
Cjo = 2.2e-12  # Zero-bias junction capacitance (in Farads)
Vj = 0.7  # Junction potential (in Volts)
M = 0.5  # Grading coefficient

# Extract data for plotting capacitance vs reverse voltage
voltages = []
capacitances = []

for point in analysis['N1']:
    Vreverse = float(point)
    # Calculate the capacitance using the varactor capacitance formula
    capacitance = Cjo / (1 + Vreverse / Vj) ** M
    voltages.append(Vreverse)
    capacitances.append(capacitance)

# Plot the results
plt.figure()
plt.plot(voltages, capacitances)
plt.xlabel('Reverse Voltage (V)')
plt.ylabel('Capacitance (F)')
plt.title('Varactor Diode Capacitance vs. Reverse Voltage')
plt.grid()
plt.show()
------------------


[31m---------------------------------------------------------------------------[39m
[31mKeyError[39m                                  Traceback (most recent call last)
[36mCell[39m[36m [39m[32mIn[2][39m[32m, line 13[39m
[32m     10[39m circuit = Circuit([33m'[39m[33mVaractor Diode Example[39m[33m'[39m)
[32m     12[39m [38;5;66;03m# Include the varactor diode model[39;00m
[32m---> [39m[32m13[39m circuit.include([43mspice_library[49m[43m[[49m[33;43m'[39;49m[33;43mBBY40[39;49m[33;43m'[39;49m[43m][49m)
[32m     15[39m [38;5;66;03m# Define the circuit components[39;00m
[32m     16[39m circuit.V([32m1[39m, [33m'[39m[33mN1[39m[33m'[39m, circuit.gnd, [32m0[39m @ u_V)  [38;5;66;03m# Voltage source connected from N1 to ground[39;00m

[36mFile [39m[32mH:\HadiSadoghiYazdi\CircuitNew\Lib\site-packages\PySpice\Spice\Library.py:117[39m, in [36mSpiceLibrary.__getitem__[39m[34m(self, name)[39m
[32m    113[39m     [38;5;28;01mreturn[39;00m [38;5;28mself[39m._models[name]
[32m    114[39m [38;5;28;01melse[39;00m:
[32m    115[39m     [38;5;66;03m# print('Library {} not found in {}'.format(name, self._directory))[39;00m
[32m    116[39m     [38;5;66;03m# self._logger.warn('Library {} not found in {}'.format(name, self._directory))[39;00m
[32m--> [39m[32m117[39m     [38;5;28;01mraise[39;00m [38;5;167;01mKeyError[39;00m(name)

[31mKeyError[39m: 'BBY40'

