Traceback (most recent call last):
  File "H:\HadiSadoghiYazdi\CircuitNew\Lib\site-packages\jupyter_cache\executors\utils.py", line 58, in single_nb_execution
    executenb(
    ~~~~~~~~~^
        nb,
        ^^^
    ...<4 lines>...
        **kwargs,
        ^^^^^^^^^
    )
    ^
  File "H:\HadiSadoghiYazdi\CircuitNew\Lib\site-packages\nbclient\client.py", line 1319, in execute
    return NotebookClient(nb=nb, resources=resources, km=km, **kwargs).execute()
           ~~~~~~~~~~~~~~~~~~~~~~~~~~~~~~~~~~~~~~~~~~~~~~~~~~~~~~~~~~~~~~~~~~~^^
  File "H:\HadiSadoghiYazdi\CircuitNew\Lib\site-packages\jupyter_core\utils\__init__.py", line 165, in wrapped
    return loop.run_until_complete(inner)
           ~~~~~~~~~~~~~~~~~~~~~~~^^^^^^^
  File "C:\Users\Hadi\AppData\Local\Programs\Python\Python313\Lib\asyncio\base_events.py", line 719, in run_until_complete
    return future.result()
           ~~~~~~~~~~~~~^^
  File "H:\HadiSadoghiYazdi\CircuitNew\Lib\site-packages\nbclient\client.py", line 709, in async_execute
    await self.async_execute_cell(
        cell, index, execution_count=self.code_cells_executed + 1
    )
  File "H:\HadiSadoghiYazdi\CircuitNew\Lib\site-packages\nbclient\client.py", line 1062, in async_execute_cell
    await self._check_raise_for_error(cell, cell_index, exec_reply)
  File "H:\HadiSadoghiYazdi\CircuitNew\Lib\site-packages\nbclient\client.py", line 918, in _check_raise_for_error
    raise CellExecutionError.from_cell_and_msg(cell, exec_reply_content)
nbclient.exceptions.CellExecutionError: An error occurred while executing the following cell:
------------------
# import pyspice and Math 
import PySpice.Logging.Logging as Logging
logger = Logging.setup_logging()
import math 

from PySpice.Spice.Netlist import Circuit
from PySpice.Unit import *

# Create a new circuit
circuit = Circuit('Voltage Divider')
# Initialization of source and resistors
circuit.V('input',1,circuit.gnd,10 + 5 * math.sin(2*math.pi))
circuit.R(1, 1, 2, 900@u_Ω)
circuit.R(2, 2, circuit.gnd, 100@u_Ω)
# Create a simulator
simulator = circuit.simulator(temperature=25, nominal_temperature=25)
# Start Analysis
analysis = simulator.operating_point()
# print
for node in analysis.nodes.values():
    print('Node {}: {:5.2f} V'.format(str(node), float(node)))
------------------


[31m---------------------------------------------------------------------------[39m
[31mModuleNotFoundError[39m                       Traceback (most recent call last)
[36mCell[39m[36m [39m[32mIn[3][39m[32m, line 2[39m
[32m      1[39m [38;5;66;03m# import pyspice and Math [39;00m
[32m----> [39m[32m2[39m [38;5;28;01mimport[39;00m[38;5;250m [39m[34;01mPySpice[39;00m[34;01m.[39;00m[34;01mLogging[39;00m[34;01m.[39;00m[34;01mLogging[39;00m[38;5;250m [39m[38;5;28;01mas[39;00m[38;5;250m [39m[34;01mLogging[39;00m
[32m      3[39m logger = Logging.setup_logging()
[32m      4[39m [38;5;28;01mimport[39;00m[38;5;250m [39m[34;01mmath[39;00m 

[31mModuleNotFoundError[39m: No module named 'PySpice'

