Traceback (most recent call last):
  File "H:\HadiSadoghiYazdi\CircuitNew\Lib\site-packages\jupyter_cache\executors\utils.py", line 58, in single_nb_execution
    executenb(
    ~~~~~~~~~^
        nb,
        ^^^
    ...<4 lines>...
        **kwargs,
        ^^^^^^^^^
    )
    ^
  File "H:\HadiSadoghiYazdi\CircuitNew\Lib\site-packages\nbclient\client.py", line 1319, in execute
    return NotebookClient(nb=nb, resources=resources, km=km, **kwargs).execute()
           ~~~~~~~~~~~~~~~~~~~~~~~~~~~~~~~~~~~~~~~~~~~~~~~~~~~~~~~~~~~~~~~~~~~^^
  File "H:\HadiSadoghiYazdi\CircuitNew\Lib\site-packages\jupyter_core\utils\__init__.py", line 165, in wrapped
    return loop.run_until_complete(inner)
           ~~~~~~~~~~~~~~~~~~~~~~~^^^^^^^
  File "C:\Users\Hadi\AppData\Local\Programs\Python\Python313\Lib\asyncio\base_events.py", line 719, in run_until_complete
    return future.result()
           ~~~~~~~~~~~~~^^
  File "H:\HadiSadoghiYazdi\CircuitNew\Lib\site-packages\nbclient\client.py", line 709, in async_execute
    await self.async_execute_cell(
        cell, index, execution_count=self.code_cells_executed + 1
    )
  File "H:\HadiSadoghiYazdi\CircuitNew\Lib\site-packages\nbclient\client.py", line 1062, in async_execute_cell
    await self._check_raise_for_error(cell, cell_index, exec_reply)
  File "H:\HadiSadoghiYazdi\CircuitNew\Lib\site-packages\nbclient\client.py", line 918, in _check_raise_for_error
    raise CellExecutionError.from_cell_and_msg(cell, exec_reply_content)
nbclient.exceptions.CellExecutionError: An error occurred while executing the following cell:
------------------
from PySpice.Spice.Netlist import Circuit
from PySpice.Unit import *

# Initialize the circuit
circuit = Circuit("Correct Circuit")

# Define voltage source and current sources with explicit node labels
circuit.V(1, "N1","N2", 2@u_V)    # 2V voltage source between N1 and ground
circuit.I(1, circuit.gnd , "N1", 3@u_A)           # 3A current source into N1
circuit.I(2, "N2", circuit.gnd, 2@u_A)    # 2A current source from N2 to ground

# Define resistors based on the diagram
circuit.R(1, "N1", circuit.gnd, 2@u_Ohm)         # 2Ω resistor between N1 and N2
circuit.R(2, "N2", circuit.gnd, 1@u_Ohm)  # 1Ω resistor between N2 and ground

# Perform DC operating point analysis
from PySpice.Spice.Simulation import OperatingPointAnalysisParameters

simulator = circuit.simulator(temperature=25, nominal_temperature=25)
try:
    analysis = simulator.operating_point()

    # Output voltages at N1 and N2
    voltage_N1 = float(analysis["N1"][0])
    voltage_N2 = float(analysis["N2"][0])

    print(f"Voltage at N1: {voltage_N1} V")
    print(f"Voltage at N2: {voltage_N2} V")
except Exception as e:
    print(f"An error occurred during simulation: {e}")

------------------


[31m---------------------------------------------------------------------------[39m
[31mModuleNotFoundError[39m                       Traceback (most recent call last)
[36mCell[39m[36m [39m[32mIn[2][39m[32m, line 1[39m
[32m----> [39m[32m1[39m [38;5;28;01mfrom[39;00m[38;5;250m [39m[34;01mPySpice[39;00m[34;01m.[39;00m[34;01mSpice[39;00m[34;01m.[39;00m[34;01mNetlist[39;00m[38;5;250m [39m[38;5;28;01mimport[39;00m Circuit
[32m      2[39m [38;5;28;01mfrom[39;00m[38;5;250m [39m[34;01mPySpice[39;00m[34;01m.[39;00m[34;01mUnit[39;00m[38;5;250m [39m[38;5;28;01mimport[39;00m *
[32m      4[39m [38;5;66;03m# Initialize the circuit[39;00m

[31mModuleNotFoundError[39m: No module named 'PySpice'

