Traceback (most recent call last):
  File "H:\HadiSadoghiYazdi\Circuit\Lib\site-packages\jupyter_cache\executors\utils.py", line 58, in single_nb_execution
    executenb(
    ~~~~~~~~~^
        nb,
        ^^^
    ...<4 lines>...
        **kwargs,
        ^^^^^^^^^
    )
    ^
  File "H:\HadiSadoghiYazdi\Circuit\Lib\site-packages\nbclient\client.py", line 1314, in execute
    return NotebookClient(nb=nb, resources=resources, km=km, **kwargs).execute()
           ~~~~~~~~~~~~~~~~~~~~~~~~~~~~~~~~~~~~~~~~~~~~~~~~~~~~~~~~~~~~~~~~~~~^^
  File "H:\HadiSadoghiYazdi\Circuit\Lib\site-packages\jupyter_core\utils\__init__.py", line 165, in wrapped
    return loop.run_until_complete(inner)
           ~~~~~~~~~~~~~~~~~~~~~~~^^^^^^^
  File "C:\Program Files\Python313\Lib\asyncio\base_events.py", line 721, in run_until_complete
    return future.result()
           ~~~~~~~~~~~~~^^
  File "H:\HadiSadoghiYazdi\Circuit\Lib\site-packages\nbclient\client.py", line 709, in async_execute
    await self.async_execute_cell(
        cell, index, execution_count=self.code_cells_executed + 1
    )
  File "H:\HadiSadoghiYazdi\Circuit\Lib\site-packages\nbclient\client.py", line 1062, in async_execute_cell
    await self._check_raise_for_error(cell, cell_index, exec_reply)
  File "H:\HadiSadoghiYazdi\Circuit\Lib\site-packages\nbclient\client.py", line 918, in _check_raise_for_error
    raise CellExecutionError.from_cell_and_msg(cell, exec_reply_content)
nbclient.exceptions.CellExecutionError: An error occurred while executing the following cell:
------------------
from PySpice.Probe.Plot import plot
from PySpice.Spice.Netlist import Circuit
from PySpice.Unit import *
import matplotlib.pyplot as plt

# Create the circuit
circuit = Circuit('Zener Diode Full Characteristics')

# Include the SPICE model directly
circuit.include('C:/Users/Sazgar/PycharmProjects/Sample/spice_models/1N4743.lib')

# Define components
circuit.V(1, 'input', circuit.gnd, 0@u_V)  # Voltage source
circuit.R(1, 'input', 'zener', 1@u_kΩ)     # Series resistor
circuit.D(1, 'zener', circuit.gnd, model='D1N4731')  # Correct model name

# Run the DC Sweep Simulation (Include Reverse Bias)
simulator = circuit.simulator(
    temperature=25, nominal_temperature=25, compatibility_mode=True)
analysis = simulator.dc(V1=slice(-25, 25, 0.1))  # Sweep from -25V to 25V

# Get the voltage arrays
zener_voltage = analysis.nodes['zener']
source_voltage = analysis.nodes['input']

# Calculate the current through the resistor
current = (source_voltage - zener_voltage) / (1@u_kΩ)

# Plot the characteristic curve
plt.figure()
plt.plot(zener_voltage.as_ndarray(), current.as_ndarray())
plt.title('Zener Diode Full Characteristic Curve')
plt.xlabel('Voltage across Zener Diode (V)')
plt.ylabel('Current through Zener Diode (A)')
plt.axhline(0, color='black', linewidth=0.5, linestyle='--')  # Add x-axis
plt.axvline(0, color='black', linewidth=0.5, linestyle='--')  # Add y-axis
plt.grid()
plt.show()

------------------

----- stderr -----
Error: Could not find include file C:\Users\Sazgar\PycharmProjects\Sample\spice_models\1N4743.lib
----- stderr -----
Error: there aren't any circuits loaded.
------------------

[1;31m---------------------------------------------------------------------------[0m
[1;31mNgSpiceCommandError[0m                       Traceback (most recent call last)
Cell [1;32mIn[1], line 20[0m
[0;32m     17[0m [38;5;66;03m# Run the DC Sweep Simulation (Include Reverse Bias)[39;00m
[0;32m     18[0m simulator [38;5;241m=[39m circuit[38;5;241m.[39msimulator(
[0;32m     19[0m     temperature[38;5;241m=[39m[38;5;241m25[39m, nominal_temperature[38;5;241m=[39m[38;5;241m25[39m, compatibility_mode[38;5;241m=[39m[38;5;28;01mTrue[39;00m)
[1;32m---> 20[0m analysis [38;5;241m=[39m [43msimulator[49m[38;5;241;43m.[39;49m[43mdc[49m[43m([49m[43mV1[49m[38;5;241;43m=[39;49m[38;5;28;43mslice[39;49m[43m([49m[38;5;241;43m-[39;49m[38;5;241;43m25[39;49m[43m,[49m[43m [49m[38;5;241;43m25[39;49m[43m,[49m[43m [49m[38;5;241;43m0.1[39;49m[43m)[49m[43m)[49m  [38;5;66;03m# Sweep from -25V to 25V[39;00m
[0;32m     22[0m [38;5;66;03m# Get the voltage arrays[39;00m
[0;32m     23[0m zener_voltage [38;5;241m=[39m analysis[38;5;241m.[39mnodes[[38;5;124m'[39m[38;5;124mzener[39m[38;5;124m'[39m]

File [1;32mH:\HadiSadoghiYazdi\Circuit\Lib\site-packages\PySpice\Spice\Simulation.py:1199[0m, in [0;36mCircuitSimulator.dc[1;34m(self, *args, **kwargs)[0m
[0;32m   1198[0m [38;5;28;01mdef[39;00m [38;5;21mdc[39m([38;5;28mself[39m, [38;5;241m*[39margs, [38;5;241m*[39m[38;5;241m*[39mkwargs):
[1;32m-> 1199[0m     [38;5;28;01mreturn[39;00m [38;5;28;43mself[39;49m[38;5;241;43m.[39;49m[43m_run[49m[43m([49m[38;5;124;43m'[39;49m[38;5;124;43mdc[39;49m[38;5;124;43m'[39;49m[43m,[49m[43m [49m[38;5;241;43m*[39;49m[43margs[49m[43m,[49m[43m [49m[38;5;241;43m*[39;49m[38;5;241;43m*[39;49m[43mkwargs[49m[43m)[49m

File [1;32mH:\HadiSadoghiYazdi\Circuit\Lib\site-packages\PySpice\Spice\NgSpice\Simulation.py:119[0m, in [0;36mNgSpiceSharedCircuitSimulator._run[1;34m(self, analysis_method, *args, **kwargs)[0m
[0;32m    116[0m [38;5;66;03m# load circuit and simulation[39;00m
[0;32m    117[0m [38;5;66;03m# Fixme: Error: circuit not parsed.[39;00m
[0;32m    118[0m [38;5;28mself[39m[38;5;241m.[39m_ngspice_shared[38;5;241m.[39mload_circuit([38;5;28mstr[39m([38;5;28mself[39m))
[1;32m--> 119[0m [38;5;28;43mself[39;49m[38;5;241;43m.[39;49m[43m_ngspice_shared[49m[38;5;241;43m.[39;49m[43mrun[49m[43m([49m[43m)[49m
[0;32m    120[0m [38;5;28mself[39m[38;5;241m.[39m_logger[38;5;241m.[39mdebug([38;5;28mstr[39m([38;5;28mself[39m[38;5;241m.[39m_ngspice_shared[38;5;241m.[39mplot_names))
[0;32m    121[0m [38;5;28mself[39m[38;5;241m.[39mreset_analysis()

File [1;32mH:\HadiSadoghiYazdi\Circuit\Lib\site-packages\PySpice\Spice\NgSpice\Shared.py:1192[0m, in [0;36mNgSpiceShared.run[1;34m(self, background)[0m
[0;32m   1189[0m [38;5;66;03m#  in the background thread and wait until the simulation is done[39;00m
[0;32m   1191[0m command [38;5;241m=[39m [38;5;124m'[39m[38;5;124mbg_run[39m[38;5;124m'[39m [38;5;28;01mif[39;00m background [38;5;28;01melse[39;00m [38;5;124m'[39m[38;5;124mrun[39m[38;5;124m'[39m
[1;32m-> 1192[0m [38;5;28;43mself[39;49m[38;5;241;43m.[39;49m[43mexec_command[49m[43m([49m[43mcommand[49m[43m)[49m
[0;32m   1194[0m [38;5;28;01mif[39;00m background:
[0;32m   1195[0m     [38;5;28mself[39m[38;5;241m.[39m_is_running [38;5;241m=[39m [38;5;28;01mTrue[39;00m

File [1;32mH:\HadiSadoghiYazdi\Circuit\Lib\site-packages\PySpice\Spice\NgSpice\Shared.py:851[0m, in [0;36mNgSpiceShared.exec_command[1;34m(self, command, join_lines)[0m
[0;32m    848[0m     [38;5;28;01mraise[39;00m [38;5;167;01mNameError[39;00m([38;5;124m"[39m[38;5;124mngSpice_Command [39m[38;5;124m'[39m[38;5;132;01m{}[39;00m[38;5;124m'[39m[38;5;124m returned [39m[38;5;132;01m{}[39;00m[38;5;124m"[39m[38;5;241m.[39mformat(command, rc))
[0;32m    850[0m [38;5;28;01mif[39;00m [38;5;28mself[39m[38;5;241m.[39m_error_in_stdout [38;5;129;01mor[39;00m [38;5;28mself[39m[38;5;241m.[39m_error_in_stderr:
[1;32m--> 851[0m     [38;5;28;01mraise[39;00m NgSpiceCommandError([38;5;124m"[39m[38;5;124mCommand [39m[38;5;124m'[39m[38;5;132;01m{}[39;00m[38;5;124m'[39m[38;5;124m failed[39m[38;5;124m"[39m[38;5;241m.[39mformat(command))
[0;32m    853[0m [38;5;28;01mif[39;00m join_lines:
[0;32m    854[0m     [38;5;28;01mreturn[39;00m [38;5;28mself[39m[38;5;241m.[39mstdout

[1;31mNgSpiceCommandError[0m: Command 'run' failed

