Traceback (most recent call last):
  File "H:\HadiSadoghiYazdi\CircuitNew\Lib\site-packages\jupyter_cache\executors\utils.py", line 58, in single_nb_execution
    executenb(
    ~~~~~~~~~^
        nb,
        ^^^
    ...<4 lines>...
        **kwargs,
        ^^^^^^^^^
    )
    ^
  File "H:\HadiSadoghiYazdi\CircuitNew\Lib\site-packages\nbclient\client.py", line 1319, in execute
    return NotebookClient(nb=nb, resources=resources, km=km, **kwargs).execute()
           ~~~~~~~~~~~~~~~~~~~~~~~~~~~~~~~~~~~~~~~~~~~~~~~~~~~~~~~~~~~~~~~~~~~^^
  File "H:\HadiSadoghiYazdi\CircuitNew\Lib\site-packages\jupyter_core\utils\__init__.py", line 165, in wrapped
    return loop.run_until_complete(inner)
           ~~~~~~~~~~~~~~~~~~~~~~~^^^^^^^
  File "C:\Users\Hadi\AppData\Local\Programs\Python\Python313\Lib\asyncio\base_events.py", line 719, in run_until_complete
    return future.result()
           ~~~~~~~~~~~~~^^
  File "H:\HadiSadoghiYazdi\CircuitNew\Lib\site-packages\nbclient\client.py", line 709, in async_execute
    await self.async_execute_cell(
        cell, index, execution_count=self.code_cells_executed + 1
    )
  File "H:\HadiSadoghiYazdi\CircuitNew\Lib\site-packages\nbclient\client.py", line 1062, in async_execute_cell
    await self._check_raise_for_error(cell, cell_index, exec_reply)
  File "H:\HadiSadoghiYazdi\CircuitNew\Lib\site-packages\nbclient\client.py", line 918, in _check_raise_for_error
    raise CellExecutionError.from_cell_and_msg(cell, exec_reply_content)
nbclient.exceptions.CellExecutionError: An error occurred while executing the following cell:
------------------
from PySpice.Doc.ExampleTools import find_libraries
from PySpice.Probe.Plot import plot
from PySpice.Spice.Library import SpiceLibrary
from PySpice.Spice.Netlist import Circuit
from PySpice.Unit import *
import matplotlib.pyplot as plt


circuit = Circuit('Sinusoidal Waveform')


circuit.SinusoidalVoltageSource('input', 'n1', circuit.gnd, amplitude=1@u_V, frequency=1@u_Hz, offset=0@u_V)


simulator = circuit.simulator(temperature=25, nominal_temperature=25)
analysis = simulator.transient(step_time=0.1@u_ms, end_time=1@u_s)


plt.figure(figsize=(10, 6))
plt.plot(analysis['n1'], color='b', label='V(t) = Vmax * sin(θ)')
plt.text(0, 1, 'e2', fontsize=12, ha='center')
plt.text(0, 0, 'e1', fontsize=12, ha='center')
plt.text(1, -1, 'e3', fontsize=12, ha='center')
plt.title('Sinusoidal Waveform')
plt.xlabel('Time [s]')
plt.ylabel('Voltage [V]')
plt.grid()
plt.legend()
plt.show()

------------------


[31m---------------------------------------------------------------------------[39m
[31mModuleNotFoundError[39m                       Traceback (most recent call last)
[36mCell[39m[36m [39m[32mIn[2][39m[32m, line 1[39m
[32m----> [39m[32m1[39m [38;5;28;01mfrom[39;00m[38;5;250m [39m[34;01mPySpice[39;00m[34;01m.[39;00m[34;01mDoc[39;00m[34;01m.[39;00m[34;01mExampleTools[39;00m[38;5;250m [39m[38;5;28;01mimport[39;00m find_libraries
[32m      2[39m [38;5;28;01mfrom[39;00m[38;5;250m [39m[34;01mPySpice[39;00m[34;01m.[39;00m[34;01mProbe[39;00m[34;01m.[39;00m[34;01mPlot[39;00m[38;5;250m [39m[38;5;28;01mimport[39;00m plot
[32m      3[39m [38;5;28;01mfrom[39;00m[38;5;250m [39m[34;01mPySpice[39;00m[34;01m.[39;00m[34;01mSpice[39;00m[34;01m.[39;00m[34;01mLibrary[39;00m[38;5;250m [39m[38;5;28;01mimport[39;00m SpiceLibrary

[31mModuleNotFoundError[39m: No module named 'PySpice'

