Traceback (most recent call last):
  File "H:\HadiSadoghiYazdi\CircuitNew\Lib\site-packages\jupyter_cache\executors\utils.py", line 58, in single_nb_execution
    executenb(
    ~~~~~~~~~^
        nb,
        ^^^
    ...<4 lines>...
        **kwargs,
        ^^^^^^^^^
    )
    ^
  File "H:\HadiSadoghiYazdi\CircuitNew\Lib\site-packages\nbclient\client.py", line 1319, in execute
    return NotebookClient(nb=nb, resources=resources, km=km, **kwargs).execute()
           ~~~~~~~~~~~~~~~~~~~~~~~~~~~~~~~~~~~~~~~~~~~~~~~~~~~~~~~~~~~~~~~~~~~^^
  File "H:\HadiSadoghiYazdi\CircuitNew\Lib\site-packages\jupyter_core\utils\__init__.py", line 165, in wrapped
    return loop.run_until_complete(inner)
           ~~~~~~~~~~~~~~~~~~~~~~~^^^^^^^
  File "C:\Users\Hadi\AppData\Local\Programs\Python\Python313\Lib\asyncio\base_events.py", line 719, in run_until_complete
    return future.result()
           ~~~~~~~~~~~~~^^
  File "H:\HadiSadoghiYazdi\CircuitNew\Lib\site-packages\nbclient\client.py", line 709, in async_execute
    await self.async_execute_cell(
        cell, index, execution_count=self.code_cells_executed + 1
    )
  File "H:\HadiSadoghiYazdi\CircuitNew\Lib\site-packages\nbclient\client.py", line 1062, in async_execute_cell
    await self._check_raise_for_error(cell, cell_index, exec_reply)
  File "H:\HadiSadoghiYazdi\CircuitNew\Lib\site-packages\nbclient\client.py", line 918, in _check_raise_for_error
    raise CellExecutionError.from_cell_and_msg(cell, exec_reply_content)
nbclient.exceptions.CellExecutionError: An error occurred while executing the following cell:
------------------
from PySpice.Spice.Netlist import Circuit
from PySpice.Unit import *

circuit = Circuit('Voltage Divider with Transistor and LED')

circuit.V(1, 'Vin', circuit.gnd, 9@u_V)

circuit.R(1, 'Vin', 'Base', 4.3@u_kΩ)  # R1
circuit.R(2, 'Base', circuit.gnd, 900@u_Ω)  # R2
circuit.R(3, 'Emitter', circuit.gnd, 40@u_Ω)  # RE

# Define transistor model
circuit.model('2N3904', 'NPN',
              IS=6.73e-14, BF=200, VAF=100,
              IKF=0.3, CJE=4.5e-12, CJC=3.5e-12,
              VJE=0.75, VJC=0.75, TF=400e-12, TR=25e-9)

circuit.BJT(1, 'Collector', 'Base', 'Emitter', model='2N3904')

# Define diode model
circuit.model('LTL307EE', 'D', IS=1e-14, N=1.7, RS=20@u_Ω)
circuit.D(1, 'Collector', 'Vin', model='LTL307EE')

# Perform DC analysis
simulator = circuit.simulator(temperature=25, nominal_temperature=25)
analysis = simulator.operating_point()

# Print voltages
print("\nNode Voltages:")
for node in ('Vin', 'Base', 'Collector', 'Emitter'):
    try:
        print(f"{node}: {float(analysis[node])} V")
    except KeyError:
        print(f"{node}: No voltage data available")


------------------


[31m---------------------------------------------------------------------------[39m
[31mModuleNotFoundError[39m                       Traceback (most recent call last)
[36mCell[39m[36m [39m[32mIn[4][39m[32m, line 1[39m
[32m----> [39m[32m1[39m [38;5;28;01mfrom[39;00m[38;5;250m [39m[34;01mPySpice[39;00m[34;01m.[39;00m[34;01mSpice[39;00m[34;01m.[39;00m[34;01mNetlist[39;00m[38;5;250m [39m[38;5;28;01mimport[39;00m Circuit
[32m      2[39m [38;5;28;01mfrom[39;00m[38;5;250m [39m[34;01mPySpice[39;00m[34;01m.[39;00m[34;01mUnit[39;00m[38;5;250m [39m[38;5;28;01mimport[39;00m *
[32m      4[39m circuit = Circuit([33m'[39m[33mVoltage Divider with Transistor and LED[39m[33m'[39m)

[31mModuleNotFoundError[39m: No module named 'PySpice'

