Traceback (most recent call last):
  File "H:\HadiSadoghiYazdi\CircuitNew\Lib\site-packages\jupyter_cache\executors\utils.py", line 58, in single_nb_execution
    executenb(
    ~~~~~~~~~^
        nb,
        ^^^
    ...<4 lines>...
        **kwargs,
        ^^^^^^^^^
    )
    ^
  File "H:\HadiSadoghiYazdi\CircuitNew\Lib\site-packages\nbclient\client.py", line 1319, in execute
    return NotebookClient(nb=nb, resources=resources, km=km, **kwargs).execute()
           ~~~~~~~~~~~~~~~~~~~~~~~~~~~~~~~~~~~~~~~~~~~~~~~~~~~~~~~~~~~~~~~~~~~^^
  File "H:\HadiSadoghiYazdi\CircuitNew\Lib\site-packages\jupyter_core\utils\__init__.py", line 165, in wrapped
    return loop.run_until_complete(inner)
           ~~~~~~~~~~~~~~~~~~~~~~~^^^^^^^
  File "C:\Users\Hadi\AppData\Local\Programs\Python\Python313\Lib\asyncio\base_events.py", line 719, in run_until_complete
    return future.result()
           ~~~~~~~~~~~~~^^
  File "H:\HadiSadoghiYazdi\CircuitNew\Lib\site-packages\nbclient\client.py", line 709, in async_execute
    await self.async_execute_cell(
        cell, index, execution_count=self.code_cells_executed + 1
    )
  File "H:\HadiSadoghiYazdi\CircuitNew\Lib\site-packages\nbclient\client.py", line 1062, in async_execute_cell
    await self._check_raise_for_error(cell, cell_index, exec_reply)
  File "H:\HadiSadoghiYazdi\CircuitNew\Lib\site-packages\nbclient\client.py", line 918, in _check_raise_for_error
    raise CellExecutionError.from_cell_and_msg(cell, exec_reply_content)
nbclient.exceptions.CellExecutionError: An error occurred while executing the following cell:
------------------
import numpy as np
import matplotlib.pyplot as plt
from PySpice.Unit import * 

# Define Zener diode parameters
V_zener = 5.1  # Zener breakdown voltage in volts
R = 1000       # Series resistor in ohms

# Input voltage range (0 to 10V)
V_in = np.linspace(0, 10, 200)  # 200 points from 0V to 10V

# Initialize current array
I_out = np.zeros_like(V_in)

# Calculate output current based on the input voltage
for i, v in enumerate(V_in):
    if v < V_zener:
        # Below Zener breakdown voltage: no current through Zener diode
        I_out[i] = 0
    else:
        # Above Zener breakdown voltage: calculate current through Zener diode
        # Using a quadratic relationship for current
        I_out[i] = ((v - V_zener) ** 2) / R  # Quadratic increase in current

# Plotting the results
plt.figure(figsize=(10, 6))
plt.plot(V_in, I_out, label='Zener Diode Characteristic', color='blue')
plt.axvline(x=V_zener, color='red', linestyle='--', label='Zener Breakdown Voltage (5.1V)')
plt.title('Zener Diode Voltage-Current Characteristic Curve')
plt.xlabel('Input Voltage [V]')
plt.ylabel('Current through Zener Diode [A]')
plt.xlim(0, 10)  # Set x-axis limits
plt.ylim(0, np.max(I_out)*1.1)  # Adjust y-axis to fit the curve
plt.grid(True)
plt.legend()
plt.show()

------------------


[31m---------------------------------------------------------------------------[39m
[31mModuleNotFoundError[39m                       Traceback (most recent call last)
[36mCell[39m[36m [39m[32mIn[1][39m[32m, line 3[39m
[32m      1[39m [38;5;28;01mimport[39;00m[38;5;250m [39m[34;01mnumpy[39;00m[38;5;250m [39m[38;5;28;01mas[39;00m[38;5;250m [39m[34;01mnp[39;00m
[32m      2[39m [38;5;28;01mimport[39;00m[38;5;250m [39m[34;01mmatplotlib[39;00m[34;01m.[39;00m[34;01mpyplot[39;00m[38;5;250m [39m[38;5;28;01mas[39;00m[38;5;250m [39m[34;01mplt[39;00m
[32m----> [39m[32m3[39m [38;5;28;01mfrom[39;00m[38;5;250m [39m[34;01mPySpice[39;00m[34;01m.[39;00m[34;01mUnit[39;00m[38;5;250m [39m[38;5;28;01mimport[39;00m * 
[32m      5[39m [38;5;66;03m# Define Zener diode parameters[39;00m
[32m      6[39m V_zener = [32m5.1[39m  [38;5;66;03m# Zener breakdown voltage in volts[39;00m

[31mModuleNotFoundError[39m: No module named 'PySpice'

