Traceback (most recent call last):
  File "H:\HadiSadoghiYazdi\CircuitNew\Lib\site-packages\jupyter_cache\executors\utils.py", line 58, in single_nb_execution
    executenb(
    ~~~~~~~~~^
        nb,
        ^^^
    ...<4 lines>...
        **kwargs,
        ^^^^^^^^^
    )
    ^
  File "H:\HadiSadoghiYazdi\CircuitNew\Lib\site-packages\nbclient\client.py", line 1319, in execute
    return NotebookClient(nb=nb, resources=resources, km=km, **kwargs).execute()
           ~~~~~~~~~~~~~~~~~~~~~~~~~~~~~~~~~~~~~~~~~~~~~~~~~~~~~~~~~~~~~~~~~~~^^
  File "H:\HadiSadoghiYazdi\CircuitNew\Lib\site-packages\jupyter_core\utils\__init__.py", line 165, in wrapped
    return loop.run_until_complete(inner)
           ~~~~~~~~~~~~~~~~~~~~~~~^^^^^^^
  File "C:\Users\Hadi\AppData\Local\Programs\Python\Python313\Lib\asyncio\base_events.py", line 719, in run_until_complete
    return future.result()
           ~~~~~~~~~~~~~^^
  File "H:\HadiSadoghiYazdi\CircuitNew\Lib\site-packages\nbclient\client.py", line 709, in async_execute
    await self.async_execute_cell(
        cell, index, execution_count=self.code_cells_executed + 1
    )
  File "H:\HadiSadoghiYazdi\CircuitNew\Lib\site-packages\nbclient\client.py", line 1062, in async_execute_cell
    await self._check_raise_for_error(cell, cell_index, exec_reply)
  File "H:\HadiSadoghiYazdi\CircuitNew\Lib\site-packages\nbclient\client.py", line 918, in _check_raise_for_error
    raise CellExecutionError.from_cell_and_msg(cell, exec_reply_content)
nbclient.exceptions.CellExecutionError: An error occurred while executing the following cell:
------------------
from PySpice.Probe.Plot import plot
from PySpice.Spice.Library import SpiceLibrary
from PySpice.Spice.Netlist import Circuit
from PySpice.Unit import *
import matplotlib.pyplot as plt

# Create a new circuit with the name 'Simple Circuit'
circuit = Circuit('Simple Circuit')

# Add a DC voltage source (V1) with 12V connected between 'Vcc' and ground
circuit.V(1, 'Vcc', circuit.gnd, 12@u_V)

# Add a resistor (R1) of 1 kOhm between 'Vcc' and 'node1'
circuit.R(1, 'Vcc', 'node1', 1@u_kOhm)

# Add another resistor (R2) of 2 kOhm between 'node1' and 'node2'
circuit.R(2, 'node1', 'node2', 2@u_kOhm)

# Add a diode (D1) between 'node2' and 'node3'
circuit.D(1, 'node2', 'node3', model='D')

# Add a resistor (R3) of 3 kOhm between 'node3' and ground
circuit.R(3, 'node3', circuit.gnd, 3@u_kOhm)

# Specify the path to the SPICE model library
spice_library = SpiceLibrary('/usr/share/ngspice/models')

# Define a diode model 'D' with its characteristics
circuit.model('D', 'D', IS=1e-14, N=1, BV=2, IBV=1e-6)

# Create a simulator object for the circuit and set the simulation temperature
simulator = circuit.simulator(temperature=25, nominal_temperature=25)

# Perform a DC sweep analysis for the voltage source V1 from -5V to 5V with a step of 0.01V
dc_analysis = simulator.dc(V1=slice(-5, 5, 0.01))

# Extract voltages at different nodes during the DC sweep
node1_voltages = [float(dc_analysis['node1'][step]) for step in range(len(dc_analysis.sweep))]
node2_voltages = [float(dc_analysis['node2'][step]) for step in range(len(dc_analysis.sweep))]
node3_voltages = [float(dc_analysis['node3'][step]) for step in range(len(dc_analysis.sweep))]
source_voltages = [float(dc_analysis.sweep[step]) for step in range(len(dc_analysis.sweep))]

# Plot the voltage at each node as a function of the source voltage
plt.figure(figsize=(10, 6))
plt.plot(source_voltages, node1_voltages, label='Voltage at node1 (R1-R2)')
plt.plot(source_voltages, node2_voltages, label='Voltage at node2 (R2-D1)')
plt.plot(source_voltages, node3_voltages, label='Voltage at node3 (D1-R3)')
plt.title('DC Analysis of the Circuit')
plt.xlabel('Voltage Source (V)')
plt.ylabel('Voltage (V)')
plt.axhline(0, color='black', linewidth=0.8, linestyle='--')  # Add a horizontal line at y=0
plt.axvline(0, color='black', linewidth=0.8, linestyle='--')  # Add a vertical line at x=0
plt.legend()
plt.grid()
plt.show()

------------------


[31m---------------------------------------------------------------------------[39m
[31mModuleNotFoundError[39m                       Traceback (most recent call last)
[36mCell[39m[36m [39m[32mIn[2][39m[32m, line 1[39m
[32m----> [39m[32m1[39m [38;5;28;01mfrom[39;00m[38;5;250m [39m[34;01mPySpice[39;00m[34;01m.[39;00m[34;01mProbe[39;00m[34;01m.[39;00m[34;01mPlot[39;00m[38;5;250m [39m[38;5;28;01mimport[39;00m plot
[32m      2[39m [38;5;28;01mfrom[39;00m[38;5;250m [39m[34;01mPySpice[39;00m[34;01m.[39;00m[34;01mSpice[39;00m[34;01m.[39;00m[34;01mLibrary[39;00m[38;5;250m [39m[38;5;28;01mimport[39;00m SpiceLibrary
[32m      3[39m [38;5;28;01mfrom[39;00m[38;5;250m [39m[34;01mPySpice[39;00m[34;01m.[39;00m[34;01mSpice[39;00m[34;01m.[39;00m[34;01mNetlist[39;00m[38;5;250m [39m[38;5;28;01mimport[39;00m Circuit

[31mModuleNotFoundError[39m: No module named 'PySpice'

